<?xml version="1.0" encoding="UTF-8"?>
<!-- Generated by org.testng.reporters.JUnitReportReporter -->
<testsuite hostname="LENOVO-PC" failures="0" tests="2" name="com.onlineflight.testCases.TC_FlightBooking" time="47.081" errors="0" timestamp="03 Apr 2022 07:51:07 GMT" skipped="0">
  <testcase classname="com.onlineflight.testCases.TC_FlightBooking" name="verifyTitle" time="27.177"/>
  <testcase classname="com.onlineflight.testCases.TC_FlightBooking" name="Searchflight" time="19.904"/>
</testsuite> <!-- com.onlineflight.testCases.TC_FlightBooking -->
